2022-03-10T10:29:16.6312052 400 : [{"timestamp":"2022-03-10T16:29:16.570+00:00","status":400,"error":"Bad Request","message":"User registration failed.","path":"/register"}]
2022-03-10T10:30:38.6464035 415 : [{"timestamp":"2022-03-10T16:30:38.644+00:00","status":415,"error":"Unsupported Media Type","message":"Content type 'application/x-www-form-urlencoded;charset=UTF-8' not supported","path":"/tenmo/transfer"}]
2022-03-10T10:31:04.2729734 415 : [{"timestamp":"2022-03-10T16:31:04.268+00:00","status":415,"error":"Unsupported Media Type","message":"Content type 'application/x-www-form-urlencoded;charset=UTF-8' not supported","path":"/tenmo/transfer"}]
2022-03-10T11:17:41.0376435 415 : [{"timestamp":"2022-03-10T17:17:41.006+00:00","status":415,"error":"Unsupported Media Type","message":"Content type 'application/x-www-form-urlencoded;charset=UTF-8' not supported","path":"/tenmo/transfer"}]
2022-03-10T11:17:41.0649826 400 : [{"timestamp":"2022-03-10T17:17:41.060+00:00","status":400,"error":"Bad Request","message":"Required request body is missing: public void com.techelevator.tenmo.controller.TenmoController.transfer(com.techelevator.tenmo.model.Transfer)","path":"/tenmo/transfer/complete"}]
2022-03-10T11:22:55.645007 415 : [{"timestamp":"2022-03-10T17:22:55.622+00:00","status":415,"error":"Unsupported Media Type","message":"Content type 'application/x-www-form-urlencoded;charset=UTF-8' not supported","path":"/tenmo/transfer"}]
2022-03-10T11:25:58.4827525 400 : [{"timestamp":"2022-03-10T17:23:34.552+00:00","status":400,"error":"Bad Request","message":"Required request body is missing: public void com.techelevator.tenmo.controller.TenmoController.transfer(com.techelevator.tenmo.model.Transfer)","path":"/tenmo/transfer/complete"}]
2022-03-10T11:30:57.1826347 415 : [{"timestamp":"2022-03-10T17:30:57.152+00:00","status":415,"error":"Unsupported Media Type","message":"Content type 'application/x-www-form-urlencoded;charset=UTF-8' not supported","path":"/tenmo/transfer"}]
2022-03-10T11:30:57.2028043 400 : [{"timestamp":"2022-03-10T17:30:57.200+00:00","status":400,"error":"Bad Request","message":"Required request body is missing: public void com.techelevator.tenmo.controller.TenmoController.transfer(com.techelevator.tenmo.model.Transfer)","path":"/tenmo/transfer/complete"}]
2022-03-10T11:31:41.1842358 415 : [{"timestamp":"2022-03-10T17:31:41.160+00:00","status":415,"error":"Unsupported Media Type","message":"Content type 'application/x-www-form-urlencoded;charset=UTF-8' not supported","path":"/tenmo/transfer"}]
2022-03-10T11:35:33.8568564 400 : [{"timestamp":"2022-03-10T17:32:48.498+00:00","status":400,"error":"Bad Request","message":"Required request body is missing: public void com.techelevator.tenmo.controller.TenmoController.transfer(com.techelevator.tenmo.model.Transfer)","path":"/tenmo/transfer/complete"}]
2022-03-10T11:47:33.9858592 415 : [{"timestamp":"2022-03-10T17:47:33.966+00:00","status":415,"error":"Unsupported Media Type","message":"Content type 'application/x-www-form-urlencoded;charset=UTF-8' not supported","path":"/tenmo/transfer"}]
2022-03-10T11:47:34.0318949 500 : [{"timestamp":"2022-03-10T17:47:34.029+00:00","status":500,"error":"Internal Server Error","message":"No message available","path":"/tenmo/transfer/complete"}]
2022-03-10T12:41:32.7994819 500 : [{"timestamp":"2022-03-10T18:41:32.778+00:00","status":500,"error":"Internal Server Error","message":"No message available","path":"/tenmo/transfer"}]
2022-03-10T12:41:56.6030318 500 : [{"timestamp":"2022-03-10T18:41:56.602+00:00","status":500,"error":"Internal Server Error","message":"No message available","path":"/tenmo/transfer"}]
2022-03-10T12:48:49.2181614 500 : [{"timestamp":"2022-03-10T18:48:49.193+00:00","status":500,"error":"Internal Server Error","message":"No message available","path":"/tenmo/transfer"}]
2022-03-10T12:54:50.5802323 500 : [{"timestamp":"2022-03-10T18:54:50.541+00:00","status":500,"error":"Internal Server Error","message":"No message available","path":"/tenmo/transfer"}]
2022-03-10T12:54:50.7010421 I/O error on GET request for "http://localhost:8080/tenmo/balance": Connection reset; nested exception is java.net.SocketException: Connection reset
2022-03-10T16:18:35.9810092 500 : [{"timestamp":"2022-03-10T21:18:35.956+00:00","status":500,"error":"Internal Server Error","message":"PreparedStatementCallback; bad SQL grammar [START TRANSACTION; UPDATE account SET balance = ? WHERE... (536 bytes)]
2022-03-10T16:18:35.9990081 500 : [{"timestamp":"2022-03-10T21:18:35.997+00:00","status":500,"error":"Internal Server Error","message":"PreparedStatementCallback; uncategorized SQLException for SQL [SELECT balance FROM account JOIN ten... (561 bytes)]
2022-03-10T16:23:00.3876621 401 : [no body]
2022-03-10T16:23:17.9364893 401 : [no body]
2022-03-10T16:23:28.7270457 401 : [no body]
2022-03-10T17:48:16.3846275 500 : [{"timestamp":"2022-03-10T22:48:16.334+00:00","status":500,"error":"Internal Server Error","message":"Optional long parameter 'accountId' is present but cannot be translated into a null value due to being declared as a primitive type. Consider declaring it as object wrapper for the corresponding primitive type.","path":"/tenmo/transfer/view"}]
2022-03-10T17:57:16.1883814 500 : [{"timestamp":"2022-03-10T22:57:15.573+00:00","status":500,"error":"Internal Server Error","message":"Optional long parameter 'accountId' is present but cannot be translated into a null value due to being declared as a primitive type. Consider declaring it as object wrapper for the corresponding primitive type.","path":"/tenmo/transfer/view"}]
